<?xml version="1.0" encoding="UTF-8"?>
<!-- Generated by org.testng.reporters.JUnitReportReporter -->
<testsuite hostname="Shree-PC" failures="0" tests="4" name="TestNG.TestNG.GroupsAttributes" time="0.005" errors="0" timestamp="2024-02-17T20:19:31 IST" skipped="0">
  <testcase classname="TestNG.TestNG.GroupsAttributes" name="tata" time="0.001"/>
  <testcase classname="TestNG.TestNG.GroupsAttributes" name="infosys" time="0.002"/>
  <testcase classname="TestNG.TestNG.GroupsAttributes" name="maruti" time="0.000"/>
  <testcase classname="TestNG.TestNG.GroupsAttributes" name="wipro" time="0.002"/>
</testsuite> <!-- TestNG.TestNG.GroupsAttributes -->
