<?xml version="1.0" encoding="UTF-8"?>
<!-- Generated by org.testng.reporters.JUnitReportReporter -->
<testsuite hostname="Shree-PC" failures="0" tests="2" name="TestNG.TestNG.TestCase1" time="0.007" errors="0" timestamp="2024-02-17T20:19:31 IST" skipped="0">
  <testcase classname="TestNG.TestNG.TestCase1" name="test1" time="0.005"/>
  <testcase classname="TestNG.TestNG.TestCase1" name="test2" time="0.002"/>
</testsuite> <!-- TestNG.TestNG.TestCase1 -->
