<?xml version="1.0" encoding="UTF-8"?>
<!-- Generated by org.testng.reporters.JUnitReportReporter -->
<testsuite hostname="Shree-PC" failures="0" tests="3" name="TestNG.TestNG.TestNGparameter" time="0.027" errors="0" timestamp="2024-02-15T18:20:37 IST" skipped="0">
  <testcase classname="TestNG.TestNG.TestNGparameter" name="mull" time="0.004"/>
  <testcase classname="TestNG.TestNG.TestNGparameter" name="add" time="0.014"/>
  <testcase classname="TestNG.TestNG.TestNGparameter" name="sub" time="0.009"/>
</testsuite> <!-- TestNG.TestNG.TestNGparameter -->
