<?xml version="1.0" encoding="UTF-8"?>
<!-- Generated by org.testng.reporters.JUnitReportReporter -->
<testsuite hostname="Shree-PC" failures="0" tests="1" name="TestNG.TestNG.ParameterExample" time="5.571" errors="0" timestamp="2024-02-15T18:51:10 IST" skipped="0">
  <testcase classname="TestNG.TestNG.ParameterExample" name="searchData" time="5.571"/>
</testsuite> <!-- TestNG.TestNG.ParameterExample -->
