<?xml version="1.0" encoding="UTF-8"?>
<!-- Generated by org.testng.reporters.JUnitReportReporter -->
<testsuite hostname="Shree-PC" failures="0" tests="2" name="TestNG.TestNG.CurrentAcoountTC2" time="0.005" errors="0" timestamp="2024-02-17T20:19:31 IST" skipped="0">
  <testcase classname="TestNG.TestNG.CurrentAcoountTC2" name="test3" time="0.001"/>
  <testcase classname="TestNG.TestNG.CurrentAcoountTC2" name="test4" time="0.004"/>
</testsuite> <!-- TestNG.TestNG.CurrentAcoountTC2 -->
