<?xml version="1.0" encoding="UTF-8"?>
<!-- Generated by org.testng.reporters.JUnitReportReporter -->
<testsuite hostname="Shree-PC" failures="0" tests="3" name="TestNG.TestNG.DataproviderDemo" time="220.848" errors="0" timestamp="2024-02-17T20:19:31 IST" skipped="0">
  <testcase classname="TestNG.TestNG.DataproviderDemo" name="TestCaseGoogleSearch" time="207.410"/>
  <testcase classname="TestNG.TestNG.DataproviderDemo" name="TestCaseGoogleSearch" time="7.160"/>
  <testcase classname="TestNG.TestNG.DataproviderDemo" name="TestCaseGoogleSearch" time="6.278"/>
</testsuite> <!-- TestNG.TestNG.DataproviderDemo -->
