<?xml version="1.0" encoding="UTF-8"?>
<!-- Generated by org.testng.reporters.JUnitReportReporter -->
<testsuite hostname="Shree-PC" failures="0" tests="2" name="BatchTest.LoginTest" time="0.007" errors="0" timestamp="2024-02-16T12:54:17 IST" skipped="0">
  <testcase classname="BatchTest.LoginTest" name="LoginByEmail" time="0.003"/>
  <testcase classname="BatchTest.LoginTest" name="LoginByMobileNumber" time="0.004"/>
</testsuite> <!-- BatchTest.LoginTest -->
