<?xml version="1.0" encoding="UTF-8"?>
<!-- Generated by org.testng.reporters.JUnitReportReporter -->
<testsuite hostname="Shree-PC" failures="0" tests="8" name="TestNG.TestNG.InvocationCountDemo" time="0.021" errors="0" timestamp="2024-02-17T20:19:31 IST" skipped="0">
  <testcase classname="TestNG.TestNG.InvocationCountDemo" name="Method1" time="0.002"/>
  <testcase classname="TestNG.TestNG.InvocationCountDemo" name="Method2" time="0.005"/>
  <testcase classname="TestNG.TestNG.InvocationCountDemo" name="Method2" time="0.001"/>
  <testcase classname="TestNG.TestNG.InvocationCountDemo" name="Method1" time="0.001"/>
  <testcase classname="TestNG.TestNG.InvocationCountDemo" name="Method1" time="0.003"/>
  <testcase classname="TestNG.TestNG.InvocationCountDemo" name="Method1" time="0.007"/>
  <testcase classname="TestNG.TestNG.InvocationCountDemo" name="Method2" time="0.001"/>
  <testcase classname="TestNG.TestNG.InvocationCountDemo" name="Method1" time="0.001"/>
</testsuite> <!-- TestNG.TestNG.InvocationCountDemo -->
