<?xml version="1.0" encoding="UTF-8"?>
<!-- Generated by org.testng.reporters.JUnitReportReporter -->
<testsuite hostname="Shree-PC" failures="0" tests="2" name="TestNG.TestNG.CurrentAccountTC1" time="0.003" errors="0" timestamp="2024-02-17T20:19:31 IST" skipped="0">
  <testcase classname="TestNG.TestNG.CurrentAccountTC1" name="test2" time="0.002"/>
  <testcase classname="TestNG.TestNG.CurrentAccountTC1" name="test1" time="0.001"/>
</testsuite> <!-- TestNG.TestNG.CurrentAccountTC1 -->
