<?xml version="1.0" encoding="UTF-8"?>
<!-- Generated by org.testng.reporters.JUnitReportReporter -->
<testsuite hostname="Shree-PC" failures="0" tests="6" name="TestNG.TestNG.LoanDepartment" time="0.022" errors="0" timestamp="2024-02-17T20:19:31 IST" skipped="0">
  <testcase classname="TestNG.TestNG.LoanDepartment" name="mobileLoginPersonalLoan" time="0.002"/>
  <testcase classname="TestNG.TestNG.LoanDepartment" name="APILoginPersonalLoan" time="0.005"/>
  <testcase classname="TestNG.TestNG.LoanDepartment" name="mobileLoginAutomobileLoan" time="0.003"/>
  <testcase classname="TestNG.TestNG.LoanDepartment" name="APILoginAutomobilelLoan" time="0.002"/>
  <testcase classname="TestNG.TestNG.LoanDepartment" name="webLoginAutomobileLoan" time="0.008"/>
  <testcase classname="TestNG.TestNG.LoanDepartment" name="webLoginPersonalLoan" time="0.002"/>
</testsuite> <!-- TestNG.TestNG.LoanDepartment -->
