<?xml version="1.0" encoding="UTF-8"?>
<!-- Generated by org.testng.reporters.JUnitReportReporter -->
<testsuite hostname="Shree-PC" failures="0" tests="2" name="BatchTest.PaymentTest" time="0.016" errors="0" timestamp="2024-02-16T12:54:17 IST" skipped="0">
  <testcase classname="BatchTest.PaymentTest" name="CashOnDelivery" time="0.011"/>
  <testcase classname="BatchTest.PaymentTest" name="NetBanking" time="0.005"/>
</testsuite> <!-- BatchTest.PaymentTest -->
