<?xml version="1.0" encoding="UTF-8"?>
<!-- Generated by org.testng.reporters.JUnitReportReporter -->
<testsuite hostname="Shree-PC" failures="0" tests="3" name="BatchTest.ProductPageTest" time="0.030" errors="0" timestamp="2024-02-16T12:54:17 IST" skipped="0">
  <testcase classname="BatchTest.ProductPageTest" name="AddProductToWishList" time="0.022"/>
  <testcase classname="BatchTest.ProductPageTest" name="AddProductToCart" time="0.006"/>
  <testcase classname="BatchTest.ProductPageTest" name="SelectQuantity" time="0.002"/>
</testsuite> <!-- BatchTest.ProductPageTest -->
