<?xml version="1.0" encoding="UTF-8"?>
<!-- Generated by org.testng.reporters.JUnitReportReporter -->
<testsuite hostname="Shree-PC" failures="0" tests="2" name="TestNG.TestNG.TestNGexample" time="0.010" errors="0" timestamp="2024-02-17T20:19:31 IST" skipped="0">
  <testcase classname="TestNG.TestNG.TestNGexample" name="test2" time="0.004"/>
  <testcase classname="TestNG.TestNG.TestNGexample" name="test1" time="0.006"/>
</testsuite> <!-- TestNG.TestNG.TestNGexample -->
