<?xml version="1.0" encoding="UTF-8"?>
<!-- Generated by org.testng.reporters.JUnitReportReporter -->
<testsuite hostname="Shree-PC" failures="0" tests="2" name="TestNG.TestNG.ParallelTestExa" time="80.321" errors="0" timestamp="2024-02-17T20:19:31 IST" skipped="0">
  <testcase classname="TestNG.TestNG.ParallelTestExa" name="verifyTitle" time="64.411"/>
  <testcase classname="TestNG.TestNG.ParallelTestExa" name="verifyLogo" time="15.910"/>
</testsuite> <!-- TestNG.TestNG.ParallelTestExa -->
