<?xml version="1.0" encoding="UTF-8"?>
<!-- Generated by org.testng.reporters.JUnitReportReporter -->
<testsuite hostname="Shree-PC" failures="0" tests="3" name="BatchTest.HomeScreenTest" time="0.018" errors="0" timestamp="2024-02-16T12:54:17 IST" skipped="0">
  <testcase classname="BatchTest.HomeScreenTest" name="VerifyTitle" time="0.003"/>
  <testcase classname="BatchTest.HomeScreenTest" name="VerifyLogin" time="0.002"/>
  <testcase classname="BatchTest.HomeScreenTest" name="LaunchApplication" time="0.013"/>
</testsuite> <!-- BatchTest.HomeScreenTest -->
